<?xml version="1.0" encoding="utf-8"?><testsuites><testsuite errors="0" failures="0" hostname="lumipyry" name="pytest" skipped="0" tests="17" time="0.190" timestamp="2021-08-17T02:00:43.805673"><testcase classname="test_vacuum.TestVacuum" file="test_vacuum.py" line="285" name="test_carpet_cleaning_mode" time="0.002"></testcase><testcase classname="test_vacuum.TestVacuum" file="test_vacuum.py" line="143" name="test_goto" time="0.000"></testcase><testcase classname="test_vacuum.TestVacuum" file="test_vacuum.py" line="173" name="test_history" time="0.001"></testcase><testcase classname="test_vacuum.TestVacuum" file="test_vacuum.py" line="228" name="test_history_details" time="0.001"></testcase><testcase classname="test_vacuum.TestVacuum" file="test_vacuum.py" line="238" name="test_history_details_dict" time="0.001"></testcase><testcase classname="test_vacuum.TestVacuum" file="test_vacuum.py" line="200" name="test_history_dict" time="0.001"></testcase><testcase classname="test_vacuum.TestVacuum" file="test_vacuum.py" line="261" name="test_history_empty" time="0.001"></testcase><testcase classname="test_vacuum.TestVacuum" file="test_vacuum.py" line="134" name="test_home" time="0.000"></testcase><testcase classname="test_vacuum.TestVacuum" file="test_vacuum.py" line="278" name="test_info_no_cloud" time="0.001"></testcase><testcase classname="test_vacuum.TestVacuum" file="test_vacuum.py" line="300" name="test_mop_mode" time="0.001"></testcase><testcase classname="test_vacuum.TestVacuum" file="test_vacuum.py" line="128" name="test_pause" time="0.000"></testcase><testcase classname="test_vacuum.TestVacuum" file="test_vacuum.py" line="120" name="test_spot" time="0.001"></testcase><testcase classname="test_vacuum.TestVacuum" file="test_vacuum.py" line="112" name="test_start_and_stop" time="0.000"></testcase><testcase classname="test_vacuum.TestVacuum" file="test_vacuum.py" line="87" name="test_status" time="0.001"></testcase><testcase classname="test_vacuum.TestVacuum" file="test_vacuum.py" line="101" name="test_status_with_errors" time="0.000"></testcase><testcase classname="test_vacuum.TestVacuum" file="test_vacuum.py" line="157" name="test_timezone" time="0.001"></testcase><testcase classname="test_vacuum.TestVacuum" file="test_vacuum.py" line="149" name="test_zoned_clean" time="0.001"></testcase></testsuite></testsuites>