<?xml version="1.0" encoding="utf-8"?><testsuites><testsuite errors="0" failures="0" hostname="lumipyry" name="pytest" skipped="0" tests="25" time="0.232" timestamp="2021-08-17T02:20:12.076138"><testcase classname="dreame.test_dreamevacuum_miot.TestDreameVacuum" file="dreame/test_dreamevacuum_miot.py" line="57" name="test_status" time="0.001"></testcase><testcase classname="roborock.test_vacuum.TestVacuum" file="roborock/test_vacuum.py" line="285" name="test_carpet_cleaning_mode" time="0.002"></testcase><testcase classname="roborock.test_vacuum.TestVacuum" file="roborock/test_vacuum.py" line="143" name="test_goto" time="0.000"></testcase><testcase classname="roborock.test_vacuum.TestVacuum" file="roborock/test_vacuum.py" line="173" name="test_history" time="0.001"></testcase><testcase classname="roborock.test_vacuum.TestVacuum" file="roborock/test_vacuum.py" line="228" name="test_history_details" time="0.001"></testcase><testcase classname="roborock.test_vacuum.TestVacuum" file="roborock/test_vacuum.py" line="238" name="test_history_details_dict" time="0.001"></testcase><testcase classname="roborock.test_vacuum.TestVacuum" file="roborock/test_vacuum.py" line="200" name="test_history_dict" time="0.001"></testcase><testcase classname="roborock.test_vacuum.TestVacuum" file="roborock/test_vacuum.py" line="261" name="test_history_empty" time="0.001"></testcase><testcase classname="roborock.test_vacuum.TestVacuum" file="roborock/test_vacuum.py" line="134" name="test_home" time="0.000"></testcase><testcase classname="roborock.test_vacuum.TestVacuum" file="roborock/test_vacuum.py" line="278" name="test_info_no_cloud" time="0.001"></testcase><testcase classname="roborock.test_vacuum.TestVacuum" file="roborock/test_vacuum.py" line="300" name="test_mop_mode" time="0.001"></testcase><testcase classname="roborock.test_vacuum.TestVacuum" file="roborock/test_vacuum.py" line="128" name="test_pause" time="0.000"></testcase><testcase classname="roborock.test_vacuum.TestVacuum" file="roborock/test_vacuum.py" line="120" name="test_spot" time="0.000"></testcase><testcase classname="roborock.test_vacuum.TestVacuum" file="roborock/test_vacuum.py" line="112" name="test_start_and_stop" time="0.000"></testcase><testcase classname="roborock.test_vacuum.TestVacuum" file="roborock/test_vacuum.py" line="87" name="test_status" time="0.001"></testcase><testcase classname="roborock.test_vacuum.TestVacuum" file="roborock/test_vacuum.py" line="101" name="test_status_with_errors" time="0.000"></testcase><testcase classname="roborock.test_vacuum.TestVacuum" file="roborock/test_vacuum.py" line="157" name="test_timezone" time="0.001"></testcase><testcase classname="roborock.test_vacuum.TestVacuum" file="roborock/test_vacuum.py" line="149" name="test_zoned_clean" time="0.001"></testcase><testcase classname="roidmi.test_roidmivacuum_miot.TestRoidmiVacuum" file="roidmi/test_roidmivacuum_miot.py" line="148" name="test__calcUsageTime" time="0.001"></testcase><testcase classname="roidmi.test_roidmivacuum_miot.TestRoidmiVacuum" file="roidmi/test_roidmivacuum_miot.py" line="108" name="test_cleaning_summary" time="0.001"></testcase><testcase classname="roidmi.test_roidmivacuum_miot.TestRoidmiVacuum" file="roidmi/test_roidmivacuum_miot.py" line="117" name="test_consumable_status" time="0.001"></testcase><testcase classname="roidmi.test_roidmivacuum_miot.TestRoidmiVacuum" file="roidmi/test_roidmivacuum_miot.py" line="156" name="test_parse_forbid_mode" time="0.001"></testcase><testcase classname="roidmi.test_roidmivacuum_miot.TestRoidmiVacuum" file="roidmi/test_roidmivacuum_miot.py" line="170" name="test_parse_forbid_mode2" time="0.001"></testcase><testcase classname="roidmi.test_roidmivacuum_miot.TestRoidmiVacuum" file="roidmi/test_roidmivacuum_miot.py" line="74" name="test_vacuum_status" time="0.001"></testcase><testcase classname="roidmi.test_roidmivacuum_miot.TestRoidmiVacuum2" file="roidmi/test_roidmivacuum_miot.py" line="205" name="test_vacuum_status_unexpected_values" time="0.001"></testcase></testsuite></testsuites>